This is pdfTeX, Version 3.14159265-2.6-1.40.21 (TeX Live 2020) (preloaded format=pdflatex 2020.4.7)  29 NOV 2020 18:50
entering extended mode
 restricted \write18 enabled.
 %&-line parsing enabled.
**EDA.tex
(./EDA.tex
LaTeX2e <2020-02-02> patch level 5
L3 programming layer <2020-03-06> (/usr/local/texlive/2020/texmf-dist/tex/latex
/base/article.cls
Document Class: article 2019/12/20 v1.4l Standard LaTeX document class
(/usr/local/texlive/2020/texmf-dist/tex/latex/base/size10.clo
File: size10.clo 2019/12/20 v1.4l Standard LaTeX file (size option)
)
\c@part=\count167
\c@section=\count168
\c@subsection=\count169
\c@subsubsection=\count170
\c@paragraph=\count171
\c@subparagraph=\count172
\c@figure=\count173
\c@table=\count174
\abovecaptionskip=\skip47
\belowcaptionskip=\skip48
\bibindent=\dimen134
) (/usr/local/texlive/2020/texmf-dist/tex/latex/lm/lmodern.sty
Package: lmodern 2009/10/30 v1.6 Latin Modern Fonts
LaTeX Font Info:    Overwriting symbol font `operators' in version `normal'
(Font)                  OT1/cmr/m/n --> OT1/lmr/m/n on input line 22.
LaTeX Font Info:    Overwriting symbol font `letters' in version `normal'
(Font)                  OML/cmm/m/it --> OML/lmm/m/it on input line 23.
LaTeX Font Info:    Overwriting symbol font `symbols' in version `normal'
(Font)                  OMS/cmsy/m/n --> OMS/lmsy/m/n on input line 24.
LaTeX Font Info:    Overwriting symbol font `largesymbols' in version `normal'
(Font)                  OMX/cmex/m/n --> OMX/lmex/m/n on input line 25.
LaTeX Font Info:    Overwriting symbol font `operators' in version `bold'
(Font)                  OT1/cmr/bx/n --> OT1/lmr/bx/n on input line 26.
LaTeX Font Info:    Overwriting symbol font `letters' in version `bold'
(Font)                  OML/cmm/b/it --> OML/lmm/b/it on input line 27.
LaTeX Font Info:    Overwriting symbol font `symbols' in version `bold'
(Font)                  OMS/cmsy/b/n --> OMS/lmsy/b/n on input line 28.
LaTeX Font Info:    Overwriting symbol font `largesymbols' in version `bold'
(Font)                  OMX/cmex/m/n --> OMX/lmex/m/n on input line 29.
LaTeX Font Info:    Overwriting math alphabet `\mathbf' in version `normal'
(Font)                  OT1/cmr/bx/n --> OT1/lmr/bx/n on input line 31.
LaTeX Font Info:    Overwriting math alphabet `\mathsf' in version `normal'
(Font)                  OT1/cmss/m/n --> OT1/lmss/m/n on input line 32.
LaTeX Font Info:    Overwriting math alphabet `\mathit' in version `normal'
(Font)                  OT1/cmr/m/it --> OT1/lmr/m/it on input line 33.
LaTeX Font Info:    Overwriting math alphabet `\mathtt' in version `normal'
(Font)                  OT1/cmtt/m/n --> OT1/lmtt/m/n on input line 34.
LaTeX Font Info:    Overwriting math alphabet `\mathbf' in version `bold'
(Font)                  OT1/cmr/bx/n --> OT1/lmr/bx/n on input line 35.
LaTeX Font Info:    Overwriting math alphabet `\mathsf' in version `bold'
(Font)                  OT1/cmss/bx/n --> OT1/lmss/bx/n on input line 36.
LaTeX Font Info:    Overwriting math alphabet `\mathit' in version `bold'
(Font)                  OT1/cmr/bx/it --> OT1/lmr/bx/it on input line 37.
LaTeX Font Info:    Overwriting math alphabet `\mathtt' in version `bold'
(Font)                  OT1/cmtt/m/n --> OT1/lmtt/m/n on input line 38.
) (/usr/local/texlive/2020/texmf-dist/tex/latex/amsfonts/amssymb.sty
Package: amssymb 2013/01/14 v3.01 AMS font symbols
(/usr/local/texlive/2020/texmf-dist/tex/latex/amsfonts/amsfonts.sty
Package: amsfonts 2013/01/14 v3.01 Basic AMSFonts support
\@emptytoks=\toks15
\symAMSa=\mathgroup4
\symAMSb=\mathgroup5
LaTeX Font Info:    Redeclaring math symbol \hbar on input line 98.
LaTeX Font Info:    Overwriting math alphabet `\mathfrak' in version `bold'
(Font)                  U/euf/m/n --> U/euf/b/n on input line 106.
)) (/usr/local/texlive/2020/texmf-dist/tex/latex/amsmath/amsmath.sty
Package: amsmath 2020/01/20 v2.17e AMS math features
\@mathmargin=\skip49
For additional information on amsmath, use the `?' option.
(/usr/local/texlive/2020/texmf-dist/tex/latex/amsmath/amstext.sty
Package: amstext 2000/06/29 v2.01 AMS text
(/usr/local/texlive/2020/texmf-dist/tex/latex/amsmath/amsgen.sty
File: amsgen.sty 1999/11/30 v2.0 generic functions
\@emptytoks=\toks16
\ex@=\dimen135
)) (/usr/local/texlive/2020/texmf-dist/tex/latex/amsmath/amsbsy.sty
Package: amsbsy 1999/11/29 v1.2d Bold Symbols
\pmbraise@=\dimen136
) (/usr/local/texlive/2020/texmf-dist/tex/latex/amsmath/amsopn.sty
Package: amsopn 2016/03/08 v2.02 operator names
)
\inf@bad=\count175
LaTeX Info: Redefining \frac on input line 227.
\uproot@=\count176
\leftroot@=\count177
LaTeX Info: Redefining \overline on input line 389.
\classnum@=\count178
\DOTSCASE@=\count179
LaTeX Info: Redefining \ldots on input line 486.
LaTeX Info: Redefining \dots on input line 489.
LaTeX Info: Redefining \cdots on input line 610.
\Mathstrutbox@=\box45
\strutbox@=\box46
\big@size=\dimen137
LaTeX Font Info:    Redeclaring font encoding OML on input line 733.
LaTeX Font Info:    Redeclaring font encoding OMS on input line 734.
\macc@depth=\count180
\c@MaxMatrixCols=\count181
\dotsspace@=\muskip16
\c@parentequation=\count182
\dspbrk@lvl=\count183
\tag@help=\toks17
\row@=\count184
\column@=\count185
\maxfields@=\count186
\andhelp@=\toks18
\eqnshift@=\dimen138
\alignsep@=\dimen139
\tagshift@=\dimen140
\tagwidth@=\dimen141
\totwidth@=\dimen142
\lineht@=\dimen143
\@envbody=\toks19
\multlinegap=\skip50
\multlinetaggap=\skip51
\mathdisplay@stack=\toks20
LaTeX Info: Redefining \[ on input line 2859.
LaTeX Info: Redefining \] on input line 2860.
) (/usr/local/texlive/2020/texmf-dist/tex/generic/iftex/ifxetex.sty
Package: ifxetex 2019/10/25 v0.7 ifxetex legacy package. Use iftex instead.
(/usr/local/texlive/2020/texmf-dist/tex/generic/iftex/iftex.sty
Package: iftex 2020/03/06 v1.0d TeX engine tests
)) (/usr/local/texlive/2020/texmf-dist/tex/generic/iftex/ifluatex.sty
Package: ifluatex 2019/10/25 v1.5 ifluatex legacy package. Use iftex instead.
) (/usr/local/texlive/2020/texmf-dist/tex/latex/base/fixltx2e.sty
Package: fixltx2e 2016/12/29 v2.1a fixes to LaTeX (obsolete)
Applying: [2015/01/01] Old fixltx2e package on input line 46.

Package fixltx2e Warning: fixltx2e is not required with releases after 2015
(fixltx2e)                All fixes are now in the LaTeX kernel.
(fixltx2e)                See the latexrelease package for details.

Already applied: [0000/00/00] Old fixltx2e package on input line 53.
) (/usr/local/texlive/2020/texmf-dist/tex/latex/base/fontenc.sty
Package: fontenc 2020/02/11 v2.0o Standard LaTeX package
LaTeX Font Info:    Trying to load font information for T1+lmr on input line 11
2.
(/usr/local/texlive/2020/texmf-dist/tex/latex/lm/t1lmr.fd
File: t1lmr.fd 2009/10/30 v1.6 Font defs for Latin Modern
)) (/usr/local/texlive/2020/texmf-dist/tex/latex/base/inputenc.sty
Package: inputenc 2018/08/11 v1.3c Input encoding file
\inpenc@prehook=\toks21
\inpenc@posthook=\toks22
) (/usr/local/texlive/2020/texmf-dist/tex/latex/base/textcomp.sty
Package: textcomp 2020/02/02 v2.0n Standard LaTeX package
) (/usr/local/texlive/2020/texmf-dist/tex/latex/upquote/upquote.sty
Package: upquote 2012/04/19 v1.3 upright-quote and grave-accent glyphs in verba
tim
) (/usr/local/texlive/2020/texmf-dist/tex/latex/microtype/microtype.sty
Package: microtype 2019/11/18 v2.7d Micro-typographical refinements (RS)
(/usr/local/texlive/2020/texmf-dist/tex/latex/graphics/keyval.sty
Package: keyval 2014/10/28 v1.15 key=value parser (DPC)
\KV@toks@=\toks23
)
\MT@toks=\toks24
\MT@count=\count187
LaTeX Info: Redefining \textls on input line 790.
\MT@outer@kern=\dimen144
LaTeX Info: Redefining \textmicrotypecontext on input line 1354.
\MT@listname@count=\count188
(/usr/local/texlive/2020/texmf-dist/tex/latex/microtype/microtype-pdftex.def
File: microtype-pdftex.def 2019/11/18 v2.7d Definitions specific to pdftex (RS)

LaTeX Info: Redefining \lsstyle on input line 914.
LaTeX Info: Redefining \lslig on input line 914.
\MT@outer@space=\skip52
)
Package microtype Info: Loading configuration file microtype.cfg.
(/usr/local/texlive/2020/texmf-dist/tex/latex/microtype/microtype.cfg
File: microtype.cfg 2019/11/18 v2.7d microtype main configuration file (RS)
)) (/usr/local/texlive/2020/texmf-dist/tex/latex/parskip/parskip.sty
Package: parskip 2020-01-22 v2.0d non-zero parskip adjustments
(/usr/local/texlive/2020/texmf-dist/tex/latex/kvoptions/kvoptions.sty
Package: kvoptions 2019/11/29 v3.13 Key value format for package options (HO)
(/usr/local/texlive/2020/texmf-dist/tex/generic/ltxcmds/ltxcmds.sty
Package: ltxcmds 2019/12/15 v1.24 LaTeX kernel commands for general use (HO)
) (/usr/local/texlive/2020/texmf-dist/tex/generic/kvsetkeys/kvsetkeys.sty
Package: kvsetkeys 2019/12/15 v1.18 Key value parser (HO)
)) (/usr/local/texlive/2020/texmf-dist/tex/latex/etoolbox/etoolbox.sty
Package: etoolbox 2019/09/21 v2.5h e-TeX tools for LaTeX (JAW)
\etb@tempcnta=\count189
)) (/usr/local/texlive/2020/texmf-dist/tex/latex/hyperref/hyperref.sty
Package: hyperref 2020/01/14 v7.00d Hypertext links for LaTeX
(/usr/local/texlive/2020/texmf-dist/tex/latex/pdftexcmds/pdftexcmds.sty
Package: pdftexcmds 2019/11/24 v0.31 Utility functions of pdfTeX for LuaTeX (HO
)
(/usr/local/texlive/2020/texmf-dist/tex/generic/infwarerr/infwarerr.sty
Package: infwarerr 2019/12/03 v1.5 Providing info/warning/error messages (HO)
)
Package pdftexcmds Info: \pdf@primitive is available.
Package pdftexcmds Info: \pdf@ifprimitive is available.
Package pdftexcmds Info: \pdfdraftmode found.
) (/usr/local/texlive/2020/texmf-dist/tex/generic/kvdefinekeys/kvdefinekeys.sty
Package: kvdefinekeys 2019-12-19 v1.6 Define keys (HO)
) (/usr/local/texlive/2020/texmf-dist/tex/generic/pdfescape/pdfescape.sty
Package: pdfescape 2019/12/09 v1.15 Implements pdfTeX's escape features (HO)
) (/usr/local/texlive/2020/texmf-dist/tex/latex/hycolor/hycolor.sty
Package: hycolor 2020-01-27 v1.10 Color options for hyperref/bookmark (HO)
) (/usr/local/texlive/2020/texmf-dist/tex/latex/letltxmacro/letltxmacro.sty
Package: letltxmacro 2019/12/03 v1.6 Let assignment for LaTeX macros (HO)
) (/usr/local/texlive/2020/texmf-dist/tex/latex/auxhook/auxhook.sty
Package: auxhook 2019-12-17 v1.6 Hooks for auxiliary files (HO)
)
\@linkdim=\dimen145
\Hy@linkcounter=\count190
\Hy@pagecounter=\count191
(/usr/local/texlive/2020/texmf-dist/tex/latex/hyperref/pd1enc.def
File: pd1enc.def 2020/01/14 v7.00d Hyperref: PDFDocEncoding definition (HO)
Now handling font encoding PD1 ...
... no UTF-8 mapping file for font encoding PD1
) (/usr/local/texlive/2020/texmf-dist/tex/generic/intcalc/intcalc.sty
Package: intcalc 2019/12/15 v1.3 Expandable calculations with integers (HO)
) (/usr/local/texlive/2020/texmf-dist/tex/generic/etexcmds/etexcmds.sty
Package: etexcmds 2019/12/15 v1.7 Avoid name clashes with e-TeX commands (HO)
)
\Hy@SavedSpaceFactor=\count192
Package hyperref Info: Option `unicode' set `true' on input line 4421.
(/usr/local/texlive/2020/texmf-dist/tex/latex/hyperref/puenc.def
File: puenc.def 2020/01/14 v7.00d Hyperref: PDF Unicode definition (HO)
Now handling font encoding PU ...
... no UTF-8 mapping file for font encoding PU
)
Package hyperref Info: Hyper figures OFF on input line 4547.
Package hyperref Info: Link nesting OFF on input line 4552.
Package hyperref Info: Hyper index ON on input line 4555.
Package hyperref Info: Plain pages OFF on input line 4562.
Package hyperref Info: Backreferencing OFF on input line 4567.
Package hyperref Info: Implicit mode ON; LaTeX internals redefined.
Package hyperref Info: Bookmarks ON on input line 4800.
\c@Hy@tempcnt=\count193
(/usr/local/texlive/2020/texmf-dist/tex/latex/url/url.sty
\Urlmuskip=\muskip17
Package: url 2013/09/16  ver 3.4  Verb mode for urls, etc.
)
LaTeX Info: Redefining \url on input line 5159.
\XeTeXLinkMargin=\dimen146
(/usr/local/texlive/2020/texmf-dist/tex/generic/bitset/bitset.sty
Package: bitset 2019/12/09 v1.3 Handle bit-vector datatype (HO)
(/usr/local/texlive/2020/texmf-dist/tex/generic/bigintcalc/bigintcalc.sty
Package: bigintcalc 2019/12/15 v1.5 Expandable calculations on big integers (HO
)
))
\Fld@menulength=\count194
\Field@Width=\dimen147
\Fld@charsize=\dimen148
Package hyperref Info: Hyper figures OFF on input line 6430.
Package hyperref Info: Link nesting OFF on input line 6435.
Package hyperref Info: Hyper index ON on input line 6438.
Package hyperref Info: backreferencing OFF on input line 6445.
Package hyperref Info: Link coloring OFF on input line 6450.
Package hyperref Info: Link coloring with OCG OFF on input line 6455.
Package hyperref Info: PDF/A mode OFF on input line 6460.
LaTeX Info: Redefining \ref on input line 6500.
LaTeX Info: Redefining \pageref on input line 6504.
(/usr/local/texlive/2020/texmf-dist/tex/generic/atbegshi/atbegshi.sty
Package: atbegshi 2019/12/05 v1.19 At begin shipout hook (HO)
)
\Hy@abspage=\count195
\c@Item=\count196
\c@Hfootnote=\count197
)
Package hyperref Info: Driver (autodetected): hpdftex.
(/usr/local/texlive/2020/texmf-dist/tex/latex/hyperref/hpdftex.def
File: hpdftex.def 2020/01/14 v7.00d Hyperref driver for pdfTeX
(/usr/local/texlive/2020/texmf-dist/tex/latex/atveryend/atveryend.sty
Package: atveryend 2019-12-11 v1.11 Hooks at the very end of document (HO)
)
\Fld@listcount=\count198
\c@bookmark@seq@number=\count199

(/usr/local/texlive/2020/texmf-dist/tex/latex/rerunfilecheck/rerunfilecheck.sty
Package: rerunfilecheck 2019/12/05 v1.9 Rerun checks for auxiliary files (HO)

(/usr/local/texlive/2020/texmf-dist/tex/generic/uniquecounter/uniquecounter.sty
Package: uniquecounter 2019/12/15 v1.4 Provide unlimited unique counter (HO)
)
Package uniquecounter Info: New unique counter `rerunfilecheck' on input line 2
86.
)
\Hy@SectionHShift=\skip53
)
Package hyperref Info: Option `breaklinks' set `true' on input line 35.
(/usr/local/texlive/2020/texmf-dist/tex/latex/geometry/geometry.sty
Package: geometry 2020/01/02 v5.9 Page Geometry
(/usr/local/texlive/2020/texmf-dist/tex/generic/iftex/ifvtex.sty
Package: ifvtex 2019/10/25 v1.7 ifvtex legacy package. Use iftex instead.
)
\Gm@cnth=\count266
\Gm@cntv=\count267
\c@Gm@tempcnt=\count268
\Gm@bindingoffset=\dimen149
\Gm@wd@mp=\dimen150
\Gm@odd@mp=\dimen151
\Gm@even@mp=\dimen152
\Gm@layoutwidth=\dimen153
\Gm@layoutheight=\dimen154
\Gm@layouthoffset=\dimen155
\Gm@layoutvoffset=\dimen156
\Gm@dimlist=\toks25
) (/usr/local/texlive/2020/texmf-dist/tex/latex/graphics/color.sty
Package: color 2019/11/23 v1.2a Standard LaTeX Color (DPC)
(/usr/local/texlive/2020/texmf-dist/tex/latex/graphics-cfg/color.cfg
File: color.cfg 2016/01/02 v1.6 sample color configuration
)
Package color Info: Driver file: pdftex.def on input line 147.
(/usr/local/texlive/2020/texmf-dist/tex/latex/graphics-def/pdftex.def
File: pdftex.def 2018/01/08 v1.0l Graphics/color driver for pdftex
)) (/usr/local/texlive/2020/texmf-dist/tex/latex/fancyvrb/fancyvrb.sty
Package: fancyvrb 2020/01/13 v3.5 verbatim text (tvz,hv)
\FV@CodeLineNo=\count269
\FV@InFile=\read2
\FV@TabBox=\box47
\c@FancyVerbLine=\count270
\FV@StepNumber=\count271
\FV@OutFile=\write3
) (/usr/local/texlive/2020/texmf-dist/tex/latex/framed/framed.sty
Package: framed 2011/10/22 v 0.96: framed or shaded text with page breaks
\OuterFrameSep=\skip54
\fb@frw=\dimen157
\fb@frh=\dimen158
\FrameRule=\dimen159
\FrameSep=\dimen160
) (/usr/local/texlive/2020/texmf-dist/tex/latex/tools/longtable.sty
Package: longtable 2020/01/07 v4.13 Multi-page Table package (DPC)
\LTleft=\skip55
\LTright=\skip56
\LTpre=\skip57
\LTpost=\skip58
\LTchunksize=\count272
\LTcapwidth=\dimen161
\LT@head=\box48
\LT@firsthead=\box49
\LT@foot=\box50
\LT@lastfoot=\box51
\LT@cols=\count273
\LT@rows=\count274
\c@LT@tables=\count275
\c@LT@chunks=\count276
\LT@p@ftn=\toks26
) (/usr/local/texlive/2020/texmf-dist/tex/latex/booktabs/booktabs.sty
Package: booktabs 2020/01/12 v1.61803398 Publication quality tables
\heavyrulewidth=\dimen162
\lightrulewidth=\dimen163
\cmidrulewidth=\dimen164
\belowrulesep=\dimen165
\belowbottomsep=\dimen166
\aboverulesep=\dimen167
\abovetopsep=\dimen168
\cmidrulesep=\dimen169
\cmidrulekern=\dimen170
\defaultaddspace=\dimen171
\@cmidla=\count277
\@cmidlb=\count278
\@aboverulesep=\dimen172
\@belowrulesep=\dimen173
\@thisruleclass=\count279
\@lastruleclass=\count280
\@thisrulewidth=\dimen174
) (/usr/local/texlive/2020/texmf-dist/tex/latex/mdwtools/footnote.sty
Package: footnote 1997/01/28 1.13 Save footnotes around boxes
\fn@notes=\box52
\fn@width=\dimen175
) (/usr/local/texlive/2020/texmf-dist/tex/latex/graphics/graphicx.sty
Package: graphicx 2019/11/30 v1.2a Enhanced LaTeX Graphics (DPC,SPQR)
(/usr/local/texlive/2020/texmf-dist/tex/latex/graphics/graphics.sty
Package: graphics 2019/11/30 v1.4a Standard LaTeX Graphics (DPC,SPQR)
(/usr/local/texlive/2020/texmf-dist/tex/latex/graphics/trig.sty
Package: trig 2016/01/03 v1.10 sin cos tan (DPC)
) (/usr/local/texlive/2020/texmf-dist/tex/latex/graphics-cfg/graphics.cfg
File: graphics.cfg 2016/06/04 v1.11 sample graphics configuration
)
Package graphics Info: Driver file: pdftex.def on input line 105.
)
\Gin@req@height=\dimen176
\Gin@req@width=\dimen177
) (/usr/local/texlive/2020/texmf-dist/tex/latex/grffile/grffile.sty
Package: grffile 2019/11/11 v2.1 Extended file name support for graphics (legac
y)
Package grffile Info: This package is an empty stub for compatibility on input 
line 40.
) (/usr/local/texlive/2020/texmf-dist/tex/latex/l3backend/l3backend-pdfmode.def
File: l3backend-pdfmode.def 2020-03-12 L3 backend support: PDF mode
\l__kernel_color_stack_int=\count281
\l__pdf_internal_box=\box53
) (./EDA.aux

LaTeX Warning: Label `' multiply defined.


LaTeX Warning: Label `' multiply defined.


LaTeX Warning: Label `' multiply defined.


LaTeX Warning: Label `' multiply defined.


LaTeX Warning: Label `' multiply defined.


LaTeX Warning: Label `' multiply defined.

)
\openout1 = `EDA.aux'.

LaTeX Font Info:    Checking defaults for OML/cmm/m/it on input line 114.
LaTeX Font Info:    ... okay on input line 114.
LaTeX Font Info:    Checking defaults for OMS/cmsy/m/n on input line 114.
LaTeX Font Info:    ... okay on input line 114.
LaTeX Font Info:    Checking defaults for OT1/cmr/m/n on input line 114.
LaTeX Font Info:    ... okay on input line 114.
LaTeX Font Info:    Checking defaults for T1/cmr/m/n on input line 114.
LaTeX Font Info:    ... okay on input line 114.
LaTeX Font Info:    Checking defaults for TS1/cmr/m/n on input line 114.
LaTeX Font Info:    ... okay on input line 114.
LaTeX Font Info:    Checking defaults for OMX/cmex/m/n on input line 114.
LaTeX Font Info:    ... okay on input line 114.
LaTeX Font Info:    Checking defaults for U/cmr/m/n on input line 114.
LaTeX Font Info:    ... okay on input line 114.
LaTeX Font Info:    Checking defaults for PD1/pdf/m/n on input line 114.
LaTeX Font Info:    ... okay on input line 114.
LaTeX Font Info:    Checking defaults for PU/pdf/m/n on input line 114.
LaTeX Font Info:    ... okay on input line 114.
LaTeX Info: Redefining \microtypecontext on input line 114.
Package microtype Info: Generating PDF output.
Package microtype Info: Character protrusion enabled (level 2).
Package microtype Info: Using protrusion set `basicmath'.
Package microtype Info: Automatic font expansion enabled (level 2),
(microtype)             stretch: 20, shrink: 20, step: 1, non-selected.
Package microtype Info: Using default expansion set `basictext'.
LaTeX Info: Redefining \showhyphens on input line 114.
Package microtype Info: No adjustment of tracking.
Package microtype Info: No adjustment of interword spacing.
Package microtype Info: No adjustment of character kerning.
(/usr/local/texlive/2020/texmf-dist/tex/latex/microtype/mt-cmr.cfg
File: mt-cmr.cfg 2013/05/19 v2.2 microtype config. file: Computer Modern Roman 
(RS)
)
\AtBeginShipoutBox=\box54
Package hyperref Info: Link coloring OFF on input line 114.
(/usr/local/texlive/2020/texmf-dist/tex/latex/hyperref/nameref.sty
Package: nameref 2019/09/16 v2.46 Cross-referencing by name of section
(/usr/local/texlive/2020/texmf-dist/tex/latex/refcount/refcount.sty
Package: refcount 2019/12/15 v3.6 Data extraction from label references (HO)
)
(/usr/local/texlive/2020/texmf-dist/tex/generic/gettitlestring/gettitlestring.s
ty
Package: gettitlestring 2019/12/15 v1.6 Cleanup title references (HO)
)
\c@section@level=\count282
)
LaTeX Info: Redefining \ref on input line 114.
LaTeX Info: Redefining \pageref on input line 114.
LaTeX Info: Redefining \nameref on input line 114.
(./EDA.out) (./EDA.out)
\@outlinefile=\write4
\openout4 = `EDA.out'.

*geometry* driver: auto-detecting
*geometry* detected driver: pdftex
*geometry* verbose mode - [ preamble ] result:
* driver: pdftex
* paper: <default>
* layout: <same size as paper>
* layoutoffset:(h,v)=(0.0pt,0.0pt)
* modes: 
* h-part:(L,W,R)=(72.26999pt, 469.75502pt, 72.26999pt)
* v-part:(T,H,B)=(72.26999pt, 650.43001pt, 72.26999pt)
* \paperwidth=614.295pt
* \paperheight=794.96999pt
* \textwidth=469.75502pt
* \textheight=650.43001pt
* \oddsidemargin=0.0pt
* \evensidemargin=0.0pt
* \topmargin=-37.0pt
* \headheight=12.0pt
* \headsep=25.0pt
* \topskip=10.0pt
* \footskip=30.0pt
* \marginparwidth=65.0pt
* \marginparsep=11.0pt
* \columnsep=10.0pt
* \skip\footins=9.0pt plus 4.0pt minus 2.0pt
* \hoffset=0.0pt
* \voffset=0.0pt
* \mag=1000
* \@twocolumnfalse
* \@twosidefalse
* \@mparswitchfalse
* \@reversemarginfalse
* (1in=72.27pt=25.4mm, 1cm=28.453pt)

(/usr/local/texlive/2020/texmf-dist/tex/context/base/mkii/supp-pdf.mkii
[Loading MPS to PDF converter (version 2006.09.02).]
\scratchcounter=\count283
\scratchdimen=\dimen178
\scratchbox=\box55
\nofMPsegments=\count284
\nofMParguments=\count285
\everyMPshowfont=\toks27
\MPscratchCnt=\count286
\MPscratchDim=\dimen179
\MPnumerator=\count287
\makeMPintoPDFobject=\count288
\everyMPtoPDFconversion=\toks28
) (/usr/local/texlive/2020/texmf-dist/tex/latex/epstopdf-pkg/epstopdf-base.sty
Package: epstopdf-base 2020-01-24 v2.11 Base part for package epstopdf
Package epstopdf-base Info: Redefining graphics rule for `.eps' on input line 4
85.
(/usr/local/texlive/2020/texmf-dist/tex/latex/latexconfig/epstopdf-sys.cfg
File: epstopdf-sys.cfg 2010/07/13 v1.3 Configuration of (r)epstopdf for TeX Liv
e
))
LaTeX Font Info:    Trying to load font information for OT1+lmr on input line 1
16.
(/usr/local/texlive/2020/texmf-dist/tex/latex/lm/ot1lmr.fd
File: ot1lmr.fd 2009/10/30 v1.6 Font defs for Latin Modern
)
LaTeX Font Info:    Trying to load font information for OML+lmm on input line 1
16.
(/usr/local/texlive/2020/texmf-dist/tex/latex/lm/omllmm.fd
File: omllmm.fd 2009/10/30 v1.6 Font defs for Latin Modern
)
LaTeX Font Info:    Trying to load font information for OMS+lmsy on input line 
116.
(/usr/local/texlive/2020/texmf-dist/tex/latex/lm/omslmsy.fd
File: omslmsy.fd 2009/10/30 v1.6 Font defs for Latin Modern
)
LaTeX Font Info:    Trying to load font information for OMX+lmex on input line 
116.
(/usr/local/texlive/2020/texmf-dist/tex/latex/lm/omxlmex.fd
File: omxlmex.fd 2009/10/30 v1.6 Font defs for Latin Modern
)
LaTeX Font Info:    External font `lmex10' loaded for size
(Font)              <12> on input line 116.
LaTeX Font Info:    External font `lmex10' loaded for size
(Font)              <8> on input line 116.
LaTeX Font Info:    External font `lmex10' loaded for size
(Font)              <6> on input line 116.
LaTeX Font Info:    Trying to load font information for U+msa on input line 116
.
(/usr/local/texlive/2020/texmf-dist/tex/latex/amsfonts/umsa.fd
File: umsa.fd 2013/01/14 v3.01 AMS symbols A
) (/usr/local/texlive/2020/texmf-dist/tex/latex/microtype/mt-msa.cfg
File: mt-msa.cfg 2006/02/04 v1.1 microtype config. file: AMS symbols (a) (RS)
)
LaTeX Font Info:    Trying to load font information for U+msb on input line 116
.
(/usr/local/texlive/2020/texmf-dist/tex/latex/amsfonts/umsb.fd
File: umsb.fd 2013/01/14 v3.01 AMS symbols B
) (/usr/local/texlive/2020/texmf-dist/tex/latex/microtype/mt-msb.cfg
File: mt-msb.cfg 2005/06/01 v1.0 microtype config. file: AMS symbols (b) (RS)
)
LaTeX Font Info:    Trying to load font information for T1+lmtt on input line 1
24.
(/usr/local/texlive/2020/texmf-dist/tex/latex/lm/t1lmtt.fd
File: t1lmtt.fd 2009/10/30 v1.6 Font defs for Latin Modern
)
LaTeX Font Info:    Trying to load font information for TS1+lmtt on input line 
129.
(/usr/local/texlive/2020/texmf-dist/tex/latex/lm/ts1lmtt.fd
File: ts1lmtt.fd 2009/10/30 v1.6 Font defs for Latin Modern
)
LaTeX Font Info:    Font shape `T1/lmtt/bx/n' in size <10> not available
(Font)              Font shape `T1/lmtt/b/n' tried instead on input line 136.
[1

{/usr/local/texlive/2020/texmf-var/fonts/map/pdftex/updmap/pdftex.map}]
Overfull \hbox (517.24211pt too wide) in paragraph at lines 377--377
[]\T1/lmtt/m/n/10 ##                                                           
                                                                               
                                      Control_Q1[] 
 []


Overfull \hbox (511.99213pt too wide) in paragraph at lines 377--377
[]\T1/lmtt/m/n/10 ## 5: The sentiment that this place brings, and how much hosp
itality means to them. How open, diverse and welcoming they are as well that br
ing people in. It\TS1/lmtt/m/n/10 '\T1/lmtt/m/n/10 s very heartfelt and warming
.[] 
 []

[2]
Overfull \hbox (307.24272pt too wide) in paragraph at lines 377--377
[]\T1/lmtt/m/n/10 ##                                                           
                                                                             Co
ntrol_Q2[] 
 []


Overfull \hbox (307.24272pt too wide) in paragraph at lines 377--377
[]\T1/lmtt/m/n/10 ## 5: It brings awareness to a serious issue that can harm pe
ople. It\TS1/lmtt/m/n/10 '\T1/lmtt/m/n/10 s an advertisement to bring people to
gether to be more knowledgeable about it.[] 
 []


Overfull \hbox (7.99359pt too wide) in paragraph at lines 377--377
[]\T1/lmtt/m/n/10 ##                                                           
               Self_Reflect_Q2[] 
 []


Overfull \hbox (7.99359pt too wide) in paragraph at lines 377--377
[]\T1/lmtt/m/n/10 ## 4: I think I did incredible. I only got 2 wrong. This was 
harder than the previous page.[] 
 []

[3]
Overfull \hbox (13.24358pt too wide) in paragraph at lines 377--377
[]\T1/lmtt/m/n/10 ##                                                           
                            Q38[] 
 []


Overfull \hbox (13.24358pt too wide) in paragraph at lines 377--377
[]\T1/lmtt/m/n/10 ## 6: Image 2Correct diagnosis: Normal\nYou chose: ${q://QID5
/ChoiceGroup/SelectedChoices}\n[] 
 []

[4] [5] [6] [7]
<EDA_files/figure-latex/unnamed-chunk-12-1.pdf, id=103, 422.57875pt x 285.065pt
>
File: EDA_files/figure-latex/unnamed-chunk-12-1.pdf Graphic file (type pdf)
<use EDA_files/figure-latex/unnamed-chunk-12-1.pdf>
Package pdftex.def Info: EDA_files/figure-latex/unnamed-chunk-12-1.pdf  used on
 input line 591.
(pdftex.def)             Requested size: 422.57771pt x 285.0643pt.
[8] [9 <./EDA_files/figure-latex/unnamed-chunk-12-1.pdf>]
Overfull \hbox (307.24272pt too wide) in paragraph at lines 682--682
[]\T1/lmtt/m/n/10 ## Source : https://maps.googleapis.com/maps/api/staticmap?ce
nter=united%20states&zoom=4&size=640x640&scale=2&maptype=terrain&language=en-EN
&key=xxx[] 
 []


Overfull \hbox (7.99359pt too wide) in paragraph at lines 686--686
[]\T1/lmtt/m/n/10 ## Source : https://maps.googleapis.com/maps/api/geocode/json
?address=united+states&key=xxx[] 
 []

<EDA_files/figure-latex/unnamed-chunk-13-1.pdf, id=120, 317.185pt x 313.17pt>
File: EDA_files/figure-latex/unnamed-chunk-13-1.pdf Graphic file (type pdf)
<use EDA_files/figure-latex/unnamed-chunk-13-1.pdf>
Package pdftex.def Info: EDA_files/figure-latex/unnamed-chunk-13-1.pdf  used on
 input line 698.
(pdftex.def)             Requested size: 317.19388pt x 313.17877pt.
[10]
Overfull \hbox (254.74287pt too wide) in paragraph at lines 709--709
[]\T1/lmtt/m/n/10 ## Source : https://maps.googleapis.com/maps/api/staticmap?ce
nter=india&zoom=5&size=640x640&scale=2&maptype=terrain&language=en-EN&key=xxx[]
 
 []

<EDA_files/figure-latex/unnamed-chunk-13-2.pdf, id=125, 317.185pt x 313.17pt>
File: EDA_files/figure-latex/unnamed-chunk-13-2.pdf Graphic file (type pdf)
<use EDA_files/figure-latex/unnamed-chunk-13-2.pdf>
Package pdftex.def Info: EDA_files/figure-latex/unnamed-chunk-13-2.pdf  used on
 input line 725.
(pdftex.def)             Requested size: 317.19388pt x 313.17877pt.
[11 <./EDA_files/figure-latex/unnamed-chunk-13-1.pdf>]
<EDA_files/figure-latex/unnamed-chunk-14-1.pdf, id=142, 468.75125pt x 316.18124
pt>
File: EDA_files/figure-latex/unnamed-chunk-14-1.pdf Graphic file (type pdf)
<use EDA_files/figure-latex/unnamed-chunk-14-1.pdf>
Package pdftex.def Info: EDA_files/figure-latex/unnamed-chunk-14-1.pdf  used on
 input line 753.
(pdftex.def)             Requested size: 468.75009pt x 316.18047pt.
[12 <./EDA_files/figure-latex/unnamed-chunk-13-2.pdf>] [13 <./EDA_files/figure-
latex/unnamed-chunk-14-1.pdf>] [14]
<EDA_files/figure-latex/unnamed-chunk-17-1.pdf, id=178, 453.695pt x 316.18124pt
>
File: EDA_files/figure-latex/unnamed-chunk-17-1.pdf Graphic file (type pdf)
<use EDA_files/figure-latex/unnamed-chunk-17-1.pdf>
Package pdftex.def Info: EDA_files/figure-latex/unnamed-chunk-17-1.pdf  used on
 input line 897.
(pdftex.def)             Requested size: 453.6939pt x 316.18047pt.
<EDA_files/figure-latex/unnamed-chunk-17-2.pdf, id=179, 453.695pt x 315.1775pt>

File: EDA_files/figure-latex/unnamed-chunk-17-2.pdf Graphic file (type pdf)
<use EDA_files/figure-latex/unnamed-chunk-17-2.pdf>
Package pdftex.def Info: EDA_files/figure-latex/unnamed-chunk-17-2.pdf  used on
 input line 906.
(pdftex.def)             Requested size: 453.6939pt x 315.17673pt.
[15 <./EDA_files/figure-latex/unnamed-chunk-17-1.pdf>]
<EDA_files/figure-latex/unnamed-chunk-17-3.pdf, id=196, 453.695pt x 315.1775pt>

File: EDA_files/figure-latex/unnamed-chunk-17-3.pdf Graphic file (type pdf)
<use EDA_files/figure-latex/unnamed-chunk-17-3.pdf>
Package pdftex.def Info: EDA_files/figure-latex/unnamed-chunk-17-3.pdf  used on
 input line 914.
(pdftex.def)             Requested size: 453.6939pt x 315.17673pt.
[16 <./EDA_files/figure-latex/unnamed-chunk-17-2.pdf>]
<EDA_files/figure-latex/unnamed-chunk-17-4.pdf, id=211, 453.695pt x 315.1775pt>

File: EDA_files/figure-latex/unnamed-chunk-17-4.pdf Graphic file (type pdf)
<use EDA_files/figure-latex/unnamed-chunk-17-4.pdf>
Package pdftex.def Info: EDA_files/figure-latex/unnamed-chunk-17-4.pdf  used on
 input line 923.
(pdftex.def)             Requested size: 453.6939pt x 315.17673pt.
[17 <./EDA_files/figure-latex/unnamed-chunk-17-3.pdf>]
<EDA_files/figure-latex/unnamed-chunk-17-5.pdf, id=226, 453.695pt x 315.1775pt>

File: EDA_files/figure-latex/unnamed-chunk-17-5.pdf Graphic file (type pdf)
<use EDA_files/figure-latex/unnamed-chunk-17-5.pdf>
Package pdftex.def Info: EDA_files/figure-latex/unnamed-chunk-17-5.pdf  used on
 input line 932.
(pdftex.def)             Requested size: 453.6939pt x 315.17673pt.
[18 <./EDA_files/figure-latex/unnamed-chunk-17-4.pdf>]
Overfull \vbox (1.08018pt too high) detected at line 971
 []

[19 <./EDA_files/figure-latex/unnamed-chunk-17-5.pdf>]
<EDA_files/figure-latex/unnamed-chunk-18-1.pdf, id=256, 464.73625pt x 317.185pt
>
File: EDA_files/figure-latex/unnamed-chunk-18-1.pdf Graphic file (type pdf)
<use EDA_files/figure-latex/unnamed-chunk-18-1.pdf>
Package pdftex.def Info: EDA_files/figure-latex/unnamed-chunk-18-1.pdf  used on
 input line 1009.
(pdftex.def)             Requested size: 464.74928pt x 317.19388pt.
[20 <./EDA_files/figure-latex/unnamed-chunk-18-1.pdf>]
<EDA_files/figure-latex/unnamed-chunk-19-1.pdf, id=268, 464.73625pt x 317.185pt
>
File: EDA_files/figure-latex/unnamed-chunk-19-1.pdf Graphic file (type pdf)
<use EDA_files/figure-latex/unnamed-chunk-19-1.pdf>
Package pdftex.def Info: EDA_files/figure-latex/unnamed-chunk-19-1.pdf  used on
 input line 1085.
(pdftex.def)             Requested size: 464.74928pt x 317.19388pt.
[21]
<EDA_files/figure-latex/unnamed-chunk-20-1.pdf, id=273, 458.71375pt x 316.18124
pt>
File: EDA_files/figure-latex/unnamed-chunk-20-1.pdf Graphic file (type pdf)
<use EDA_files/figure-latex/unnamed-chunk-20-1.pdf>
Package pdftex.def Info: EDA_files/figure-latex/unnamed-chunk-20-1.pdf  used on
 input line 1114.
(pdftex.def)             Requested size: 458.73363pt x 316.19493pt.
[22 <./EDA_files/figure-latex/unnamed-chunk-19-1.pdf>] [23 <./EDA_files/figure-
latex/unnamed-chunk-20-1.pdf>]
<EDA_files/figure-latex/unnamed-chunk-22-1.pdf, id=299, 640.3925pt x 316.18124p
t>
File: EDA_files/figure-latex/unnamed-chunk-22-1.pdf Graphic file (type pdf)
<use EDA_files/figure-latex/unnamed-chunk-22-1.pdf>
Package pdftex.def Info: EDA_files/figure-latex/unnamed-chunk-22-1.pdf  used on
 input line 1184.
(pdftex.def)             Requested size: 469.75941pt x 231.9345pt.
<EDA_files/figure-latex/unnamed-chunk-23-1.pdf, id=300, 640.3925pt x 316.18124p
t>
File: EDA_files/figure-latex/unnamed-chunk-23-1.pdf Graphic file (type pdf)
<use EDA_files/figure-latex/unnamed-chunk-23-1.pdf>
Package pdftex.def Info: EDA_files/figure-latex/unnamed-chunk-23-1.pdf  used on
 input line 1209.
(pdftex.def)             Requested size: 469.75941pt x 231.9345pt.
[24 <./EDA_files/figure-latex/unnamed-chunk-22-1.pdf>]
<EDA_files/figure-latex/unnamed-chunk-24-1.pdf, id=318, 644.4075pt x 316.18124p
t>
File: EDA_files/figure-latex/unnamed-chunk-24-1.pdf Graphic file (type pdf)
<use EDA_files/figure-latex/unnamed-chunk-24-1.pdf>
Package pdftex.def Info: EDA_files/figure-latex/unnamed-chunk-24-1.pdf  used on
 input line 1231.
(pdftex.def)             Requested size: 469.77443pt x 230.49678pt.
[25 <./EDA_files/figure-latex/unnamed-chunk-23-1.pdf> <./EDA_files/figure-latex
/unnamed-chunk-24-1.pdf>]
<EDA_files/figure-latex/unnamed-chunk-25-1.pdf, id=347, 640.3925pt x 316.18124p
t>
File: EDA_files/figure-latex/unnamed-chunk-25-1.pdf Graphic file (type pdf)
<use EDA_files/figure-latex/unnamed-chunk-25-1.pdf>
Package pdftex.def Info: EDA_files/figure-latex/unnamed-chunk-25-1.pdf  used on
 input line 1258.
(pdftex.def)             Requested size: 469.75941pt x 231.9345pt.
[26 <./EDA_files/figure-latex/unnamed-chunk-25-1.pdf>]
LaTeX Font Info:    External font `lmex10' loaded for size
(Font)              <10> on input line 1377.
LaTeX Font Info:    External font `lmex10' loaded for size
(Font)              <7> on input line 1377.
LaTeX Font Info:    External font `lmex10' loaded for size
(Font)              <5> on input line 1377.
[27] [28] [29] [30] [31] [32]
Overfull \hbox (211.1218pt too wide) in paragraph at lines 1777--1821
 [][] 
 []


Overfull \hbox (540.80122pt too wide) in paragraph at lines 1826--1834
 [][] 
 []

[33] [34]
Overfull \hbox (233.44199pt too wide) in paragraph at lines 1906--1981
 [][] 
 []


LaTeX Warning: Float too large for page by 194.80946pt on input line 1981.

[35] [36]
Overfull \hbox (13.24358pt too wide) in paragraph at lines 2105--2105
[]\T1/lmtt/m/n/10 ## \textit{Note:}  & \multicolumn{2}{r}{$^{*}$p$<$0.1; $^{**}
$p$<$0.05; $^{***}$p$<$0.01} \\[] 
 []

[37] [38]
Overfull \hbox (107.7433pt too wide) in paragraph at lines 2267--2267
[]\T1/lmtt/m/n/10 ## % Table created by stargazer v.5.2.2 by Marek Hlavac, Harv
ard University. E-mail: hlavac at fas.harvard.edu[] 
 []

[39]
Overfull \hbox (107.7433pt too wide) in paragraph at lines 2267--2267
[]\T1/lmtt/m/n/10 ## F Statistic & 18.780$^{***}$ (df = 2; 347) & 12.920$^{***}
$ (df = 3; 346) & 3.433$^{***}$ (df = 13; 336) \\[] 
 []


Overfull \hbox (13.24358pt too wide) in paragraph at lines 2267--2267
[]\T1/lmtt/m/n/10 ## \textit{Note:}  & \multicolumn{3}{r}{$^{*}$p$<$0.1; $^{**}
$p$<$0.05; $^{***}$p$<$0.01} \\[] 
 []

[40]
Package atveryend Info: Empty hook `BeforeClearDocument' on input line 2350.
[41]
Package atveryend Info: Empty hook `AfterLastShipout' on input line 2350.
(./EDA.aux)
Package atveryend Info: Executing hook `AtVeryEndDocument' on input line 2350.
Package atveryend Info: Executing hook `AtEndAfterFileList' on input line 2350.

Package rerunfilecheck Info: File `EDA.out' has not changed.
(rerunfilecheck)             Checksum: 325C3F5776AD4F0BB10FF2F18910CA06;1759.

LaTeX Warning: There were multiply-defined labels.

 ) 
Here is how much of TeX's memory you used:
 13162 strings out of 480608
 196945 string characters out of 5903631
 507027 words of memory out of 5000000
 28683 multiletter control sequences out of 15000+600000
 584564 words of font info for 80 fonts, out of 8000000 for 9000
 1141 hyphenation exceptions out of 8191
 34i,10n,42p,811b,465s stack positions out of 5000i,500n,10000p,200000b,80000s
{/usr/local/texlive/2020/texmf-dist/fonts/enc/dvips/lm/lm-rm.enc}{/usr/local/
texlive/2020/texmf-dist/fonts/enc/dvips/lm/lm-mathit.enc}{/usr/local/texlive/20
20/texmf-dist/fonts/enc/dvips/lm/lm-mathsy.enc}{/usr/local/texlive/2020/texmf-d
ist/fonts/enc/dvips/lm/lm-ec.enc}{/usr/local/texlive/2020/texmf-dist/fonts/enc/
dvips/lm/lm-ts1.enc}</usr/local/texlive/2020/texmf-dist/fonts/type1/public/lm/l
mbx10.pfb></usr/local/texlive/2020/texmf-dist/fonts/type1/public/lm/lmbx12.pfb>
</usr/local/texlive/2020/texmf-dist/fonts/type1/public/lm/lmmi10.pfb></usr/loca
l/texlive/2020/texmf-dist/fonts/type1/public/lm/lmr10.pfb></usr/local/texlive/2
020/texmf-dist/fonts/type1/public/lm/lmr12.pfb></usr/local/texlive/2020/texmf-d
ist/fonts/type1/public/lm/lmr17.pfb></usr/local/texlive/2020/texmf-dist/fonts/t
ype1/public/lm/lmr7.pfb></usr/local/texlive/2020/texmf-dist/fonts/type1/public/
lm/lmri10.pfb></usr/local/texlive/2020/texmf-dist/fonts/type1/public/lm/lmsy10.
pfb></usr/local/texlive/2020/texmf-dist/fonts/type1/public/lm/lmsy7.pfb></usr/l
ocal/texlive/2020/texmf-dist/fonts/type1/public/lm/lmtk10.pfb></usr/local/texli
ve/2020/texmf-dist/fonts/type1/public/lm/lmtt10.pfb></usr/local/texlive/2020/te
xmf-dist/fonts/type1/public/lm/lmtti10.pfb>
Output written on EDA.pdf (41 pages, 1880015 bytes).
PDF statistics:
 530 PDF objects out of 1000 (max. 8388607)
 419 compressed objects within 5 object streams
 95 named destinations out of 1000 (max. 500000)
 12481 words of extra memory for PDF output out of 14400 (max. 10000000)

